<?xml version="1.0" encoding="UTF-8"?>
<testng-results ignored="0" total="16" passed="16" failed="0" skipped="0">
  <reporter-output>
  </reporter-output>
  <suite started-at="2021-10-18T02:52:52 EET" name="UsersAPI suite " finished-at="2021-10-18T02:53:13 EET" duration-ms="20857">
    <groups>
    </groups>
    <test started-at="2021-10-18T02:52:52 EET" name="UserAPI Test" finished-at="2021-10-18T02:53:13 EET" duration-ms="20857">
      <class name="api.UpdateUserApi_Put">
        <test-method signature="UserCanLogin()[pri:1, instance:api.UpdateUserApi_Put@2692910f]" started-at="2021-10-18T02:53:08 EET" name="UserCanLogin" finished-at="2021-10-18T02:53:09 EET" duration-ms="893" status="PASS">
          <reporter-output>
          </reporter-output>
        </test-method> <!-- UserCanLogin -->
        <test-method signature="UpdateUser()[pri:2, instance:api.UpdateUserApi_Put@2692910f]" started-at="2021-10-18T02:53:09 EET" name="UpdateUser" finished-at="2021-10-18T02:53:10 EET" duration-ms="894" status="PASS">
          <reporter-output>
          </reporter-output>
        </test-method> <!-- UpdateUser -->
        <test-method signature="UserCanLogout()[pri:3, instance:api.UpdateUserApi_Put@2692910f]" started-at="2021-10-18T02:53:10 EET" name="UserCanLogout" finished-at="2021-10-18T02:53:11 EET" duration-ms="897" status="PASS">
          <reporter-output>
          </reporter-output>
        </test-method> <!-- UserCanLogout -->
      </class> <!-- api.UpdateUserApi_Put -->
      <class name="api.CreateListOfUsersApiTest_Post">
        <test-method signature="createListofUsers(java.lang.String,java.lang.String,java.lang.String,java.lang.String,java.lang.String,java.lang.String)[pri:0, instance:api.CreateListOfUsersApiTest_Post@411a5965]" started-at="2021-10-18T02:52:54 EET" name="createListofUsers" data-provider="UserDataProvider" finished-at="2021-10-18T02:52:58 EET" duration-ms="4009" status="PASS">
          <params>
            <param index="0">
              <value>
                <![CDATA[tester1]]>
              </value>
            </param>
            <param index="1">
              <value>
                <![CDATA[aya]]>
              </value>
            </param>
            <param index="2">
              <value>
                <![CDATA[mustafa]]>
              </value>
            </param>
            <param index="3">
              <value>
                <![CDATA[test1@test.com]]>
              </value>
            </param>
            <param index="4">
              <value>
                <![CDATA[12345]]>
              </value>
            </param>
            <param index="5">
              <value>
                <![CDATA[1234567]]>
              </value>
            </param>
          </params>
          <reporter-output>
          </reporter-output>
        </test-method> <!-- createListofUsers -->
        <test-method signature="createListofUsers(java.lang.String,java.lang.String,java.lang.String,java.lang.String,java.lang.String,java.lang.String)[pri:0, instance:api.CreateListOfUsersApiTest_Post@411a5965]" started-at="2021-10-18T02:52:59 EET" name="createListofUsers" data-provider="UserDataProvider" finished-at="2021-10-18T02:53:00 EET" duration-ms="927" status="PASS">
          <params>
            <param index="0">
              <value>
                <![CDATA[tester2]]>
              </value>
            </param>
            <param index="1">
              <value>
                <![CDATA[omnia]]>
              </value>
            </param>
            <param index="2">
              <value>
                <![CDATA[mustafa]]>
              </value>
            </param>
            <param index="3">
              <value>
                <![CDATA[test2@test.com]]>
              </value>
            </param>
            <param index="4">
              <value>
                <![CDATA[123456]]>
              </value>
            </param>
            <param index="5">
              <value>
                <![CDATA[121234]]>
              </value>
            </param>
          </params>
          <reporter-output>
          </reporter-output>
        </test-method> <!-- createListofUsers -->
        <test-method signature="createListofUsers(java.lang.String,java.lang.String,java.lang.String,java.lang.String,java.lang.String,java.lang.String)[pri:0, instance:api.CreateListOfUsersApiTest_Post@411a5965]" started-at="2021-10-18T02:53:00 EET" name="createListofUsers" data-provider="UserDataProvider" finished-at="2021-10-18T02:53:00 EET" duration-ms="867" status="PASS">
          <params>
            <param index="0">
              <value>
                <![CDATA[tester3]]>
              </value>
            </param>
            <param index="1">
              <value>
                <![CDATA[rawda]]>
              </value>
            </param>
            <param index="2">
              <value>
                <![CDATA[ahmed]]>
              </value>
            </param>
            <param index="3">
              <value>
                <![CDATA[test3@test.com]]>
              </value>
            </param>
            <param index="4">
              <value>
                <![CDATA[1234567]]>
              </value>
            </param>
            <param index="5">
              <value>
                <![CDATA[12575766]]>
              </value>
            </param>
          </params>
          <reporter-output>
          </reporter-output>
        </test-method> <!-- createListofUsers -->
        <test-method signature="createListofUsers(java.lang.String,java.lang.String,java.lang.String,java.lang.String,java.lang.String,java.lang.String)[pri:0, instance:api.CreateListOfUsersApiTest_Post@411a5965]" started-at="2021-10-18T02:53:00 EET" name="createListofUsers" data-provider="UserDataProvider" finished-at="2021-10-18T02:53:01 EET" duration-ms="876" status="PASS">
          <params>
            <param index="0">
              <value>
                <![CDATA[tester4]]>
              </value>
            </param>
            <param index="1">
              <value>
                <![CDATA[sedra]]>
              </value>
            </param>
            <param index="2">
              <value>
                <![CDATA[ahmed]]>
              </value>
            </param>
            <param index="3">
              <value>
                <![CDATA[test4@test.com]]>
              </value>
            </param>
            <param index="4">
              <value>
                <![CDATA[123]]>
              </value>
            </param>
            <param index="5">
              <value>
                <![CDATA[7172817]]>
              </value>
            </param>
          </params>
          <reporter-output>
          </reporter-output>
        </test-method> <!-- createListofUsers -->
      </class> <!-- api.CreateListOfUsersApiTest_Post -->
      <class name="api.DeleteUserApiTest_Delete">
        <test-method signature="UserCanLogin()[pri:1, instance:api.DeleteUserApiTest_Delete@4fe3f9ef]" started-at="2021-10-18T02:53:05 EET" name="UserCanLogin" finished-at="2021-10-18T02:53:06 EET" duration-ms="858" status="PASS">
          <reporter-output>
          </reporter-output>
        </test-method> <!-- UserCanLogin -->
        <test-method signature="DeleteUser()[pri:2, instance:api.DeleteUserApiTest_Delete@4fe3f9ef]" started-at="2021-10-18T02:53:06 EET" name="DeleteUser" finished-at="2021-10-18T02:53:07 EET" duration-ms="873" status="PASS">
          <reporter-output>
          </reporter-output>
        </test-method> <!-- DeleteUser -->
        <test-method signature="UserCanLogout()[pri:3, instance:api.DeleteUserApiTest_Delete@4fe3f9ef]" started-at="2021-10-18T02:53:07 EET" name="UserCanLogout" finished-at="2021-10-18T02:53:08 EET" duration-ms="912" status="PASS">
          <reporter-output>
          </reporter-output>
        </test-method> <!-- UserCanLogout -->
      </class> <!-- api.DeleteUserApiTest_Delete -->
      <class name="api.UserLoginApiTest_Get">
        <test-method signature="UserCanLogin()[pri:1, instance:api.UserLoginApiTest_Get@2af87d7a]" started-at="2021-10-18T02:53:11 EET" name="UserCanLogin" finished-at="2021-10-18T02:53:12 EET" duration-ms="873" status="PASS">
          <reporter-output>
          </reporter-output>
        </test-method> <!-- UserCanLogin -->
        <test-method signature="UserCanLogout()[pri:2, instance:api.UserLoginApiTest_Get@2af87d7a]" started-at="2021-10-18T02:53:12 EET" name="UserCanLogout" finished-at="2021-10-18T02:53:13 EET" duration-ms="918" status="PASS">
          <reporter-output>
          </reporter-output>
        </test-method> <!-- UserCanLogout -->
      </class> <!-- api.UserLoginApiTest_Get -->
      <class name="api.CreatUserByLoggedInUserApiTest_Post">
        <test-method signature="UserCanLogin()[pri:1, instance:api.CreatUserByLoggedInUserApiTest_Post@324e8baa]" started-at="2021-10-18T02:53:01 EET" name="UserCanLogin" finished-at="2021-10-18T02:53:03 EET" duration-ms="1799" status="PASS">
          <reporter-output>
          </reporter-output>
        </test-method> <!-- UserCanLogin -->
        <test-method signature="CreatUser(java.lang.String,java.lang.String,java.lang.String,java.lang.String,java.lang.String,java.lang.String)[pri:2, instance:api.CreatUserByLoggedInUserApiTest_Post@324e8baa]" started-at="2021-10-18T02:53:03 EET" name="CreatUser" data-provider="SingleUserDataProvider" finished-at="2021-10-18T02:53:04 EET" duration-ms="873" status="PASS">
          <params>
            <param index="0">
              <value>
                <![CDATA[tester5]]>
              </value>
            </param>
            <param index="1">
              <value>
                <![CDATA[mariam]]>
              </value>
            </param>
            <param index="2">
              <value>
                <![CDATA[ahmed]]>
              </value>
            </param>
            <param index="3">
              <value>
                <![CDATA[test1@gmail.com]]>
              </value>
            </param>
            <param index="4">
              <value>
                <![CDATA[123]]>
              </value>
            </param>
            <param index="5">
              <value>
                <![CDATA[123456]]>
              </value>
            </param>
          </params>
          <reporter-output>
          </reporter-output>
        </test-method> <!-- CreatUser -->
        <test-method signature="UserCanLogout()[pri:3, instance:api.CreatUserByLoggedInUserApiTest_Post@324e8baa]" started-at="2021-10-18T02:53:04 EET" name="UserCanLogout" finished-at="2021-10-18T02:53:05 EET" duration-ms="896" status="PASS">
          <reporter-output>
          </reporter-output>
        </test-method> <!-- UserCanLogout -->
      </class> <!-- api.CreatUserByLoggedInUserApiTest_Post -->
      <class name="api.GetUserByUsernameApiTest_Get">
        <test-method signature="getUserbyUsername()[pri:0, instance:api.GetUserByUsernameApiTest_Get@682fc714]" started-at="2021-10-18T02:53:08 EET" name="getUserbyUsername" finished-at="2021-10-18T02:53:08 EET" duration-ms="843" status="PASS">
          <reporter-output>
          </reporter-output>
        </test-method> <!-- getUserbyUsername -->
      </class> <!-- api.GetUserByUsernameApiTest_Get -->
    </test> <!-- UserAPI Test -->
  </suite> <!-- UsersAPI suite  -->
</testng-results>
