<?xml version="1.0" encoding="UTF-8"?>
<!-- Generated by org.testng.reporters.JUnitXMLReporter -->
<testsuite ignored="0" hostname="DESKTOP-PKG19R7" failures="0" tests="4" name="Default test" time="11.794" errors="0" timestamp="2021-10-18T02:52:35 EET">
  <testcase classname="api.CreateListOfUsersApiTest_Post" name="createListofUsers" time="5.157"/>
  <testcase classname="api.CreateListOfUsersApiTest_Post" name="createListofUsers" time="0.998"/>
  <testcase classname="api.CreateListOfUsersApiTest_Post" name="createListofUsers" time="0.851"/>
  <testcase classname="api.CreateListOfUsersApiTest_Post" name="createListofUsers" time="0.845"/>
</testsuite> <!-- Default test -->
